<?xml version="1.0" encoding="UTF-8"?>
<testsuite xmlns:xsi="http://www.w3.org/2001/XMLSchema-instance" xsi:noNamespaceSchemaLocation="https://maven.apache.org/surefire/maven-surefire-plugin/xsd/surefire-test-report.xsd" name="com.qmetry.testng_demo.CalculatorTest" time="0.269" tests="5" errors="0" skipped="0" failures="0">
  <properties>
    <property name="java.specification.version" value="17"/>
    <property name="sun.jnu.encoding" value="UTF-8"/>
    <property name="java.class.path" value="/home/sg/Downloads/TestNG-java-example-master/target/test-classes:/home/sg/Downloads/TestNG-java-example-master/target/classes:/home/sg/.m2/repository/org/testng/testng/6.8/testng-6.8.jar:/home/sg/.m2/repository/junit/junit/4.10/junit-4.10.jar:/home/sg/.m2/repository/org/hamcrest/hamcrest-core/1.1/hamcrest-core-1.1.jar:/home/sg/.m2/repository/org/beanshell/bsh/2.0b4/bsh-2.0b4.jar:/home/sg/.m2/repository/com/beust/jcommander/1.27/jcommander-1.27.jar:/home/sg/.m2/repository/org/yaml/snakeyaml/1.6/snakeyaml-1.6.jar:/home/sg/.m2/repository/com/googlecode/json-simple/json-simple/1.1/json-simple-1.1.jar:/home/sg/.m2/repository/commons-io/commons-io/1.3.2/commons-io-1.3.2.jar:/home/sg/.m2/repository/org/apache/maven/surefire/surefire-testng-utils/2.22.0/surefire-testng-utils-2.22.0.jar:/home/sg/.m2/repository/org/apache/maven/surefire/surefire-grouper/2.22.0/surefire-grouper-2.22.0.jar:"/>
    <property name="java.vm.vendor" value="Red Hat, Inc."/>
    <property name="sun.arch.data.model" value="64"/>
    <property name="java.vendor.url" value="https://www.redhat.com/"/>
    <property name="os.name" value="Linux"/>
    <property name="java.vm.specification.version" value="17"/>
    <property name="sun.java.launcher" value="SUN_STANDARD"/>
    <property name="user.country" value="IN"/>
    <property name="sun.boot.library.path" value="/usr/lib/jvm/java-17-openjdk-17.0.7.0.7-5.fc38.x86_64/lib"/>
    <property name="sun.java.command" value="/home/sg/Downloads/TestNG-java-example-master/target/surefire/surefirebooter5887456239841261472.jar /home/sg/Downloads/TestNG-java-example-master/target/surefire 2023-08-26T11-53-23_012-jvmRun1 surefire3575679603859984095tmp surefire_017486809850120976774tmp"/>
    <property name="jdk.debug" value="release"/>
    <property name="surefire.test.class.path" value="/home/sg/Downloads/TestNG-java-example-master/target/test-classes:/home/sg/Downloads/TestNG-java-example-master/target/classes:/home/sg/.m2/repository/org/testng/testng/6.8/testng-6.8.jar:/home/sg/.m2/repository/junit/junit/4.10/junit-4.10.jar:/home/sg/.m2/repository/org/hamcrest/hamcrest-core/1.1/hamcrest-core-1.1.jar:/home/sg/.m2/repository/org/beanshell/bsh/2.0b4/bsh-2.0b4.jar:/home/sg/.m2/repository/com/beust/jcommander/1.27/jcommander-1.27.jar:/home/sg/.m2/repository/org/yaml/snakeyaml/1.6/snakeyaml-1.6.jar:/home/sg/.m2/repository/com/googlecode/json-simple/json-simple/1.1/json-simple-1.1.jar:/home/sg/.m2/repository/commons-io/commons-io/1.3.2/commons-io-1.3.2.jar:/home/sg/.m2/repository/org/apache/maven/surefire/surefire-testng-utils/2.22.0/surefire-testng-utils-2.22.0.jar:/home/sg/.m2/repository/org/apache/maven/surefire/surefire-grouper/2.22.0/surefire-grouper-2.22.0.jar:"/>
    <property name="sun.cpu.endian" value="little"/>
    <property name="user.home" value="/home/sg"/>
    <property name="user.language" value="en"/>
    <property name="java.specification.vendor" value="Oracle Corporation"/>
    <property name="java.version.date" value="2023-04-18"/>
    <property name="java.home" value="/usr/lib/jvm/java-17-openjdk-17.0.7.0.7-5.fc38.x86_64"/>
    <property name="file.separator" value="/"/>
    <property name="basedir" value="/home/sg/Downloads/TestNG-java-example-master"/>
    <property name="java.vm.compressedOopsMode" value="Zero based"/>
    <property name="line.separator" value="&#10;"/>
    <property name="java.vm.specification.vendor" value="Oracle Corporation"/>
    <property name="java.specification.name" value="Java Platform API Specification"/>
    <property name="surefire.real.class.path" value="/home/sg/Downloads/TestNG-java-example-master/target/surefire/surefirebooter5887456239841261472.jar"/>
    <property name="sun.management.compiler" value="HotSpot 64-Bit Tiered Compilers"/>
    <property name="java.runtime.version" value="17.0.7+7"/>
    <property name="user.name" value="sg"/>
    <property name="path.separator" value=":"/>
    <property name="os.version" value="6.4.6-200.fc38.x86_64"/>
    <property name="java.runtime.name" value="OpenJDK Runtime Environment"/>
    <property name="file.encoding" value="UTF-8"/>
    <property name="java.vm.name" value="OpenJDK 64-Bit Server VM"/>
    <property name="java.vendor.version" value="(Red_Hat-17.0.7.0.7-4.fc38)"/>
    <property name="localRepository" value="/home/sg/.m2/repository"/>
    <property name="java.vendor.url.bug" value="https://bugzilla.redhat.com/enter_bug.cgi?product=Fedora&amp;component=java-17-openjdk-portable&amp;version=38"/>
    <property name="java.io.tmpdir" value="/tmp"/>
    <property name="java.version" value="17.0.7"/>
    <property name="user.dir" value="/home/sg/Downloads/TestNG-java-example-master"/>
    <property name="os.arch" value="amd64"/>
    <property name="java.vm.specification.name" value="Java Virtual Machine Specification"/>
    <property name="native.encoding" value="UTF-8"/>
    <property name="java.library.path" value="/usr/java/packages/lib:/usr/lib64:/lib64:/lib:/usr/lib"/>
    <property name="java.vm.info" value="mixed mode, sharing"/>
    <property name="java.vendor" value="Red Hat, Inc."/>
    <property name="java.vm.version" value="17.0.7+7"/>
    <property name="sun.io.unicode.encoding" value="UnicodeLittle"/>
    <property name="java.class.version" value="61.0"/>
  </properties>
  <testcase name="testDivisionException" classname="com.qmetry.testng_demo.CalculatorTest" time="0"/>
  <testcase name="testDivison" classname="com.qmetry.testng_demo.CalculatorTest" time="0"/>
  <testcase name="testEqual" classname="com.qmetry.testng_demo.CalculatorTest" time="0"/>
  <testcase name="testSubstraction" classname="com.qmetry.testng_demo.CalculatorTest" time="0"/>
  <testcase name="testSum" classname="com.qmetry.testng_demo.CalculatorTest" time="0.001"/>
</testsuite>